<?xml version="1.0" encoding="UTF-8"?>
<!-- Generated by org.testng.reporters.JUnitXMLReporter -->
<testsuite ignored="0" hostname="LAPTOP-ER81FAOP" failures="0" tests="6" name="ChromeTest" time="14.057" errors="0" timestamp="2023-02-23T01:54:26 IST">
  <testcase classname="testNgTest.TestNgclass_2" name="VerifyCooliesPolicyLink" time="2.366"/>
  <testcase classname="testNgTest.TestNgClass1" name="VerifyCooliesPolicyLink" time="2.566"/>
  <testcase classname="testNgTest.TestNgclass_2" name="VerifyPrivacyPolicyLink" time="2.582"/>
  <testcase classname="testNgTest.TestNgClass1" name="VerifyPrivacyPolicyLink" time="2.939"/>
  <testcase classname="testNgTest.TestNgclass_2" name="VerifyTermsLink" time="1.665"/>
  <testcase classname="testNgTest.TestNgClass1" name="VerifyTermsLink" time="1.488"/>
</testsuite> <!-- ChromeTest -->
