<?xml version="1.0" encoding="UTF-8"?>
<!-- Generated by org.testng.reporters.JUnitXMLReporter -->
<testsuite ignored="0" hostname="LAPTOP-ER81FAOP" failures="0" tests="6" name="EdgeTest" time="20.464" errors="0" timestamp="2023-02-23T01:54:47 IST">
  <testcase classname="testNgTest.TestNgclass_2" name="VerifyCooliesPolicyLink" time="2.371"/>
  <testcase classname="testNgTest.TestNgClass1" name="VerifyCooliesPolicyLink" time="3.164"/>
  <testcase classname="testNgTest.TestNgclass_2" name="VerifyPrivacyPolicyLink" time="2.579"/>
  <testcase classname="testNgTest.TestNgClass1" name="VerifyPrivacyPolicyLink" time="2.844"/>
  <testcase classname="testNgTest.TestNgclass_2" name="VerifyTermsLink" time="2.951"/>
  <testcase classname="testNgTest.TestNgClass1" name="VerifyTermsLink" time="3.66"/>
</testsuite> <!-- EdgeTest -->
