<?xml version="1.0" encoding="UTF-8"?>
<!-- Generated by org.testng.reporters.JUnitXMLReporter -->
<testsuite ignored="1" hostname="LAPTOP-ER81FAOP" failures="1" tests="1" name="EdgeTest(failed)" time="3.304" errors="0" timestamp="2023-02-19T20:43:43 IST">
  <testcase classname="testNgTest.TestNgclass_3" name="VerifyLogin" time="0.003">
    <failure type="java.io.IOException" message="Your InputStream was neither an OLE2 stream, nor an OOXML stream or you haven&amp;apos;t provide the poi-ooxml*.jar in the classpath/modulepath - FileMagic: OOXML, having providers: [org.apache.poi.hssf.usermodel.HSSFWorkbookFactory@89ff02e]">
      <![CDATA[java.io.IOException: Your InputStream was neither an OLE2 stream, nor an OOXML stream or you haven't provide the poi-ooxml*.jar in the classpath/modulepath - FileMagic: OOXML, having providers: [org.apache.poi.hssf.usermodel.HSSFWorkbookFactory@89ff02e]
at org.apache.poi.ss.usermodel.WorkbookFactory.wp(WorkbookFactory.java:334)
at org.apache.poi.ss.usermodel.WorkbookFactory.create(WorkbookFactory.java:224)
at org.apache.poi.ss.usermodel.WorkbookFactory.create(WorkbookFactory.java:185)
at utils.Utility.fetchDataFromExcelSheet(Utility.java:26)
at testNgTest.TestNgclass_3.VerifyLogin(TestNgclass_3.java:65)
at java.base/java.util.ArrayList.forEach(ArrayList.java:1511)
... Removed 25 stack frames]]>
    </failure>
  </testcase> <!-- VerifyLogin -->
  <testcase classname="testNgTest.TestNgclass_3" name="VerifyCreateNewAccount" time="0.0">
    <ignored/>
  </testcase> <!-- VerifyCreateNewAccount -->
</testsuite> <!-- EdgeTest(failed) -->
