<?xml version="1.0" encoding="UTF-8"?>
<!-- Generated by org.testng.reporters.JUnitXMLReporter -->
<testsuite ignored="2" hostname="LAPTOP-ER81FAOP" failures="0" tests="5" name="Test123" time="6.339" errors="0" timestamp="2023-02-04T18:13:22 IST">
  <testcase classname="testNgTest.TestNgClass1" name="VerifyCooliesPolicyLink" time="0.615"/>
  <testcase classname="testNgTest.TestNgClass1" name="VerifyPrivacyPolicyLink" time="0.639"/>
  <testcase classname="testNgTest.TestNgClass1" name="VerifyTermsLink" time="0.593"/>
  <testcase classname="testNgTest.TestNgClass" name="testC" time="0.001"/>
  <testcase classname="testNgTest.TestNgClass" name="testD" time="0.0"/>
  <testcase classname="testNgTest.TestNgClass" name="testA" time="0.0">
    <ignored/>
  </testcase> <!-- testA -->
  <testcase classname="testNgTest.TestNgClass" name="testB" time="0.0">
    <ignored/>
  </testcase> <!-- testB -->
</testsuite> <!-- Test123 -->
