<?xml version="1.0" encoding="UTF-8"?>
<!-- Generated by org.testng.reporters.JUnitXMLReporter -->
<testsuite ignored="2" hostname="LAPTOP-ER81FAOP" failures="1" tests="1" name="EdgeTest(failed)" time="8.091" errors="0" timestamp="2023-02-23T01:50:22 IST">
  <testcase classname="testNgTest.TestNgClass1" name="VerifyPrivacyPolicyLink" time="2.451">
    <failure type="java.lang.AssertionError" message="expected [Meta Privacy Policy – How Meta collects and uses user data | Privacy Centre | Manage your privacy on Facebook, Instagram and Messenger | Facebook Privacy] but found [Meta Privacy Policy – How Meta collects and uses user data]">
      <![CDATA[java.lang.AssertionError: expected [Meta Privacy Policy – How Meta collects and uses user data | Privacy Centre | Manage your privacy on Facebook, Instagram and Messenger | Facebook Privacy] but found [Meta Privacy Policy – How Meta collects and uses user data]
at testNgTest.TestNgClass1.VerifyPrivacyPolicyLink(TestNgClass1.java:97)
at java.base/java.util.concurrent.ThreadPoolExecutor.runWorker(ThreadPoolExecutor.java:1136)
at java.base/java.util.concurrent.ThreadPoolExecutor$Worker.run(ThreadPoolExecutor.java:635)
at java.base/java.lang.Thread.run(Thread.java:833)
... Removed 16 stack frames]]>
    </failure>
  </testcase> <!-- VerifyPrivacyPolicyLink -->
  <testcase classname="testNgTest.TestNgClass1" name="VerifyCooliesPolicyLink" time="0.0">
    <ignored/>
  </testcase> <!-- VerifyCooliesPolicyLink -->
  <testcase classname="testNgTest.TestNgClass1" name="VerifyTermsLink" time="0.0">
    <ignored/>
  </testcase> <!-- VerifyTermsLink -->
</testsuite> <!-- EdgeTest(failed) -->
